[18:10:36] [Render thread/INFO] ========================================
[18:10:36] [Render thread/INFO] Minecraft: 1.18.2
[18:10:36] [Render thread/INFO] Side: client
[18:10:36] [Render thread/INFO] Development: true
[18:10:36] [Render thread/INFO] Version: 8.3.642
[18:10:36] [Render thread/INFO] Loader:
[18:10:36] [Render thread/INFO] - Fabric: 0.14.10
[18:10:36] [Render thread/INFO] - Fabric API: 0.67.0+1.18.2
[18:10:36] [Render thread/INFO] Dependencies:
[18:10:36] [Render thread/INFO] - Cloth Config: 6.5.116
[18:10:36] [Render thread/INFO] - Architectury: 4.11.93
[18:10:36] [Render thread/INFO] Mixin: 0.8.5
[18:10:36] [Render thread/INFO] OS: Windows 10 10.0 (amd64)
[18:10:36] [Render thread/INFO] Java: 17.0.9 (Amazon.com Inc.)
[18:10:36] [Render thread/INFO] ========================================
[18:10:36] [Render thread/INFO] Mods:
[18:10:36] [Render thread/INFO] - architectury: 4.11.93
[18:10:36] [Render thread/INFO] - cloth-basic-math: 0.6.1
[18:10:36] [Render thread/INFO] - cloth-config: 6.5.116
[18:10:36] [Render thread/INFO] - cloth-config: 6.5.116
[18:10:36] [Render thread/INFO] - error_notifier: 1.0.9
[18:10:36] [Render thread/INFO] - fabric-api: 0.67.0+1.18.2
[18:10:36] [Render thread/INFO] - fabric-api: 0.67.0+1.18.2
[18:10:36] [Render thread/INFO] - fabric-api-base: 0.4.4+d7c144a860
[18:10:36] [Render thread/INFO] - fabric-api-lookup-api-v1: 1.6.2+2373a54560
[18:10:36] [Render thread/INFO] - fabric-biome-api-v1: 8.0.6+651bcc5960
[18:10:36] [Render thread/INFO] - fabric-block-api-v1: 1.0.0+ee3621fc60
[18:10:36] [Render thread/INFO] - fabric-blockrenderlayer-v1: 1.1.12+3ac43d9560
[18:10:36] [Render thread/INFO] - fabric-command-api-v1: 1.1.9+d7c144a860
[18:10:36] [Render thread/INFO] - fabric-commands-v0: 0.2.8+b4f4f6cd60
[18:10:36] [Render thread/INFO] - fabric-containers-v0: 0.1.23+d7c144a860
[18:10:36] [Render thread/INFO] - fabric-content-registries-v0: 3.1.1+c85f2e3860
[18:10:36] [Render thread/INFO] - fabric-convention-tags-v1: 1.0.1+474e4f7960
[18:10:36] [Render thread/INFO] - fabric-crash-report-info-v1: 0.2.1+ee261a3e60
[18:10:36] [Render thread/INFO] - fabric-data-generation-api-v1: 3.0.2+9fcb91d260
[18:10:36] [Render thread/INFO] - fabric-dimensions-v1: 2.1.20+489d6f8260
[18:10:36] [Render thread/INFO] - fabric-entity-events-v1: 1.4.8+d7c144a860
[18:10:36] [Render thread/INFO] - fabric-events-interaction-v0: 0.4.19+d7c144a860
[18:10:36] [Render thread/INFO] - fabric-events-lifecycle-v0: 0.2.20+d7c144a860
[18:10:36] [Render thread/INFO] - fabric-game-rule-api-v1: 1.0.13+d7c144a860
[18:10:36] [Render thread/INFO] - fabric-gametest-api-v1: 1.0.19+91b7aa6660
[18:10:36] [Render thread/INFO] - fabric-item-api-v1: 1.6.0+d8cf4e5a60
[18:10:36] [Render thread/INFO] - fabric-item-groups-v0: 0.3.14+91896a4960
[18:10:36] [Render thread/INFO] - fabric-key-binding-api-v1: 1.0.12+54e5b2ec60
[18:10:36] [Render thread/INFO] - fabric-keybindings-v0: 0.2.10+b4f4f6cd60
[18:10:36] [Render thread/INFO] - fabric-lifecycle-events-v1: 2.1.0+cc71601c60
[18:10:36] [Render thread/INFO] - fabric-loot-api-v2: 1.1.0+1997ad1260
[18:10:36] [Render thread/INFO] - fabric-loot-tables-v1: 1.1.2+e747827960
[18:10:36] [Render thread/INFO] - fabric-mining-level-api-v1: 2.1.4+cc71601c60
[18:10:36] [Render thread/INFO] - fabric-models-v0: 0.3.6+d7c144a860
[18:10:36] [Render thread/INFO] - fabric-networking-api-v1: 1.0.23+2d30af4b60
[18:10:36] [Render thread/INFO] - fabric-networking-v0: 0.3.10+b4f4f6cd60
[18:10:36] [Render thread/INFO] - fabric-object-builder-api-v1: 2.1.3+032c981d60
[18:10:36] [Render thread/INFO] - fabric-particles-v1: 0.2.12+526dc1ac60
[18:10:36] [Render thread/INFO] - fabric-registry-sync-v0: 0.9.11+bb2e047760
[18:10:36] [Render thread/INFO] - fabric-renderer-api-v1: 0.4.15+ee3621fc60
[18:10:36] [Render thread/INFO] - fabric-renderer-indigo: 0.5.5+41a02c8a60
[18:10:36] [Render thread/INFO] - fabric-renderer-registries-v1: 3.2.11+b4f4f6cd60
[18:10:36] [Render thread/INFO] - fabric-rendering-data-attachment-v1: 0.3.8+ee3621fc60
[18:10:36] [Render thread/INFO] - fabric-rendering-fluids-v1: 2.0.2+54e5b2ec60
[18:10:36] [Render thread/INFO] - fabric-rendering-v0: 1.1.13+b4f4f6cd60
[18:10:36] [Render thread/INFO] - fabric-rendering-v1: 1.10.7+54e5b2ec60
[18:10:36] [Render thread/INFO] - fabric-resource-conditions-api-v1: 2.0.3+91b7aa6660
[18:10:36] [Render thread/INFO] - fabric-resource-loader-v0: 0.5.2+446e059560
[18:10:36] [Render thread/INFO] - fabric-screen-api-v1: 1.0.10+d882b91560
[18:10:36] [Render thread/INFO] - fabric-screen-handler-api-v1: 1.2.2+1f6558e860
[18:10:36] [Render thread/INFO] - fabric-textures-v0: 1.0.12+3ac43d9560
[18:10:36] [Render thread/INFO] - fabric-transfer-api-v1: 1.6.3+f4563ac860
[18:10:36] [Render thread/INFO] - fabric-transitive-access-wideners-v1: 1.1.0+e747827960
[18:10:36] [Render thread/INFO] - fabricloader: 0.14.10
[18:10:36] [Render thread/INFO] - java: 17
[18:10:36] [Render thread/INFO] - minecraft: 1.18.2
[18:10:36] [Render thread/INFO] - modmenu: 3.2.5
[18:10:36] [Render thread/INFO] - reborncore: 5.2.1
[18:10:36] [Render thread/INFO] - roughlyenoughitems: 8.3.642
[18:10:36] [Render thread/INFO] - rubycraft: 0.3.1 (testbuild)
[18:10:36] [Render thread/INFO] - team_reborn_energy: 2.2.0
[18:10:36] [Render thread/INFO] - techreborn: 5.2.1
[18:10:36] [Render thread/INFO] ========================================
[18:10:37] [Render thread/DEBUG] [REI] Added filtering rule [roughlyenoughitems:search]: INSTANCE
[18:10:37] [Render thread/DEBUG] [REI] Added filtering rule [roughlyenoughitems:manual]: INSTANCE
[18:10:37] [Render thread/DEBUG] [REI] Added filtering rule [roughlyenoughitems:basic]: INSTANCE
[18:10:37] [Render thread/INFO] [REI] Config loaded
[18:10:37] [Render thread/DEBUG] [REI] Config saved
[18:10:37] [Render thread/INFO] [REI] Registered plugin provider DefaultPlugin [roughlyenoughitems] for REIPlugin
[18:10:37] [Render thread/INFO] [REI] Registered plugin provider DefaultRuntimePlugin [roughlyenoughitems] for REIPlugin
[18:10:38] [Render thread/INFO] [REI] Registered plugin provider ReiPlugin [techreborn] for REIPlugin
[18:10:38] [Render thread/INFO] [REI] Registered plugin provider DefaultClientPlugin [roughlyenoughitems] for REIPlugin
[18:10:38] [Render thread/INFO] [REI] Registered plugin provider DefaultClientRuntimePlugin [roughlyenoughitems] for REIPlugin
[18:10:38] [Render thread/DEBUG] [REI] Added filtering rule [roughlyenoughitems:hidden_from_recipe_viewers]: INSTANCE
[18:10:38] [Render thread/INFO] [REI] Registered plugin provider HideIngredientsFromTagsPlugin [roughlyenoughitems] for REIPlugin
[18:10:38] [Render thread/INFO] [REI] Registered plugin provider DefaultPlugin [roughlyenoughitems] for REIServerPlugin
[18:10:38] [Render thread/INFO] [REI] Registered plugin provider DefaultRuntimePlugin [roughlyenoughitems] for REIServerPlugin
[18:10:38] [Render thread/INFO] [REI] Registered plugin provider FabricFluidAPISupportPlugin for REIServerPlugin
[18:10:38] [Render thread/INFO] [REI] Registered plugin provider FabricFluidAPISupportPlugin for REIPlugin
[18:10:39] [Render thread/INFO] [REI] Registered plugin provider ReiPlugin [techreborn] for REIClientPlugin
[18:10:39] [Render thread/INFO] [REI] Registered plugin provider DefaultClientPlugin [roughlyenoughitems] for REIClientPlugin
[18:10:39] [Render thread/INFO] [REI] Registered plugin provider DefaultClientRuntimePlugin [roughlyenoughitems] for REIClientPlugin
[18:10:39] [Render thread/INFO] [REI] Registered plugin provider HideIngredientsFromTagsPlugin [roughlyenoughitems] for REIClientPlugin
